<?xml version="1.0" encoding="UTF-8"?>
<testsuite xmlns:xsi="http://www.w3.org/2001/XMLSchema-instance" xsi:noNamespaceSchemaLocation="https://maven.apache.org/surefire/maven-surefire-plugin/xsd/surefire-test-report-3.0.xsd" version="3.0" name="Runner.TestRunner" time="7.907" tests="0" errors="0" skipped="0" failures="0">
  <properties>
    <property name="java.specification.version" value="19"/>
    <property name="sun.jnu.encoding" value="UTF-8"/>
    <property name="java.class.path" value="/Users/shubhamraut/Documents/GitHub/cucumberJava/target/test-classes:/Users/shubhamraut/Documents/GitHub/cucumberJava/target/classes:/Users/shubhamraut/.m2/repository/io/cucumber/cucumber-java/7.14.0/cucumber-java-7.14.0.jar:/Users/shubhamraut/.m2/repository/io/cucumber/cucumber-core/7.14.0/cucumber-core-7.14.0.jar:/Users/shubhamraut/.m2/repository/io/cucumber/cucumber-gherkin/7.14.0/cucumber-gherkin-7.14.0.jar:/Users/shubhamraut/.m2/repository/io/cucumber/cucumber-gherkin-messages/7.14.0/cucumber-gherkin-messages-7.14.0.jar:/Users/shubhamraut/.m2/repository/io/cucumber/tag-expressions/5.0.6/tag-expressions-5.0.6.jar:/Users/shubhamraut/.m2/repository/io/cucumber/cucumber-expressions/16.1.2/cucumber-expressions-16.1.2.jar:/Users/shubhamraut/.m2/repository/io/cucumber/datatable/7.14.0/datatable-7.14.0.jar:/Users/shubhamraut/.m2/repository/io/cucumber/cucumber-plugin/7.14.0/cucumber-plugin-7.14.0.jar:/Users/shubhamraut/.m2/repository/io/cucumber/docstring/7.14.0/docstring-7.14.0.jar:/Users/shubhamraut/.m2/repository/io/cucumber/html-formatter/20.4.0/html-formatter-20.4.0.jar:/Users/shubhamraut/.m2/repository/io/cucumber/junit-xml-formatter/0.2.0/junit-xml-formatter-0.2.0.jar:/Users/shubhamraut/.m2/repository/io/cucumber/ci-environment/9.2.0/ci-environment-9.2.0.jar:/Users/shubhamraut/.m2/repository/org/apiguardian/apiguardian-api/1.1.2/apiguardian-api-1.1.2.jar:/Users/shubhamraut/.m2/repository/junit/junit/4.13.2/junit-4.13.2.jar:/Users/shubhamraut/.m2/repository/org/hamcrest/hamcrest-core/1.3/hamcrest-core-1.3.jar:/Users/shubhamraut/.m2/repository/io/cucumber/gherkin/27.0.0/gherkin-27.0.0.jar:/Users/shubhamraut/.m2/repository/io/cucumber/messages/22.0.0/messages-22.0.0.jar:/Users/shubhamraut/.m2/repository/org/seleniumhq/selenium/selenium-chrome-driver/4.15.0/selenium-chrome-driver-4.15.0.jar:/Users/shubhamraut/.m2/repository/com/google/auto/service/auto-service-annotations/1.1.1/auto-service-annotations-1.1.1.jar:/Users/shubhamraut/.m2/repository/org/seleniumhq/selenium/selenium-api/4.15.0/selenium-api-4.15.0.jar:/Users/shubhamraut/.m2/repository/org/seleniumhq/selenium/selenium-chromium-driver/4.15.0/selenium-chromium-driver-4.15.0.jar:/Users/shubhamraut/.m2/repository/org/seleniumhq/selenium/selenium-json/4.15.0/selenium-json-4.15.0.jar:/Users/shubhamraut/.m2/repository/org/seleniumhq/selenium/selenium-manager/4.15.0/selenium-manager-4.15.0.jar:/Users/shubhamraut/.m2/repository/org/seleniumhq/selenium/selenium-os/4.15.0/selenium-os-4.15.0.jar:/Users/shubhamraut/.m2/repository/org/apache/commons/commons-exec/1.3/commons-exec-1.3.jar:/Users/shubhamraut/.m2/repository/org/seleniumhq/selenium/selenium-remote-driver/4.15.0/selenium-remote-driver-4.15.0.jar:/Users/shubhamraut/.m2/repository/com/google/guava/guava/32.1.2-jre/guava-32.1.2-jre.jar:/Users/shubhamraut/.m2/repository/com/google/guava/failureaccess/1.0.1/failureaccess-1.0.1.jar:/Users/shubhamraut/.m2/repository/com/google/guava/listenablefuture/9999.0-empty-to-avoid-conflict-with-guava/listenablefuture-9999.0-empty-to-avoid-conflict-with-guava.jar:/Users/shubhamraut/.m2/repository/com/google/code/findbugs/jsr305/3.0.2/jsr305-3.0.2.jar:/Users/shubhamraut/.m2/repository/org/checkerframework/checker-qual/3.33.0/checker-qual-3.33.0.jar:/Users/shubhamraut/.m2/repository/com/google/errorprone/error_prone_annotations/2.18.0/error_prone_annotations-2.18.0.jar:/Users/shubhamraut/.m2/repository/com/google/j2objc/j2objc-annotations/2.8/j2objc-annotations-2.8.jar:/Users/shubhamraut/.m2/repository/io/opentelemetry/opentelemetry-api/1.28.0/opentelemetry-api-1.28.0.jar:/Users/shubhamraut/.m2/repository/io/opentelemetry/opentelemetry-context/1.28.0/opentelemetry-context-1.28.0.jar:/Users/shubhamraut/.m2/repository/io/opentelemetry/opentelemetry-exporter-logging/1.28.0/opentelemetry-exporter-logging-1.28.0.jar:/Users/shubhamraut/.m2/repository/io/opentelemetry/opentelemetry-sdk-metrics/1.28.0/opentelemetry-sdk-metrics-1.28.0.jar:/Users/shubhamraut/.m2/repository/io/opentelemetry/opentelemetry-extension-incubator/1.28.0-alpha/opentelemetry-extension-incubator-1.28.0-alpha.jar:/Users/shubhamraut/.m2/repository/io/opentelemetry/opentelemetry-sdk-logs/1.28.0/opentelemetry-sdk-logs-1.28.0.jar:/Users/shubhamraut/.m2/repository/io/opentelemetry/opentelemetry-sdk-common/1.28.0/opentelemetry-sdk-common-1.28.0.jar:/Users/shubhamraut/.m2/repository/io/opentelemetry/opentelemetry-sdk-extension-autoconfigure-spi/1.28.0/opentelemetry-sdk-extension-autoconfigure-spi-1.28.0.jar:/Users/shubhamraut/.m2/repository/io/opentelemetry/opentelemetry-sdk-extension-autoconfigure/1.28.0/opentelemetry-sdk-extension-autoconfigure-1.28.0.jar:/Users/shubhamraut/.m2/repository/io/opentelemetry/opentelemetry-api-events/1.28.0-alpha/opentelemetry-api-events-1.28.0-alpha.jar:/Users/shubhamraut/.m2/repository/io/opentelemetry/opentelemetry-sdk-trace/1.28.0/opentelemetry-sdk-trace-1.28.0.jar:/Users/shubhamraut/.m2/repository/io/opentelemetry/opentelemetry-sdk/1.28.0/opentelemetry-sdk-1.28.0.jar:/Users/shubhamraut/.m2/repository/io/opentelemetry/opentelemetry-semconv/1.28.0-alpha/opentelemetry-semconv-1.28.0-alpha.jar:/Users/shubhamraut/.m2/repository/net/bytebuddy/byte-buddy/1.14.5/byte-buddy-1.14.5.jar:/Users/shubhamraut/.m2/repository/org/seleniumhq/selenium/selenium-http/4.15.0/selenium-http-4.15.0.jar:/Users/shubhamraut/.m2/repository/dev/failsafe/failsafe/3.3.2/failsafe-3.3.2.jar:/Users/shubhamraut/.m2/repository/org/testng/testng/7.8.0/testng-7.8.0.jar:/Users/shubhamraut/.m2/repository/org/slf4j/slf4j-api/1.7.36/slf4j-api-1.7.36.jar:/Users/shubhamraut/.m2/repository/com/beust/jcommander/1.82/jcommander-1.82.jar:/Users/shubhamraut/.m2/repository/org/webjars/jquery/3.6.1/jquery-3.6.1.jar:/Users/shubhamraut/.m2/repository/org/seleniumhq/selenium/selenium-java/4.15.0/selenium-java-4.15.0.jar:/Users/shubhamraut/.m2/repository/org/seleniumhq/selenium/selenium-devtools-v117/4.15.0/selenium-devtools-v117-4.15.0.jar:/Users/shubhamraut/.m2/repository/org/seleniumhq/selenium/selenium-devtools-v118/4.15.0/selenium-devtools-v118-4.15.0.jar:/Users/shubhamraut/.m2/repository/org/seleniumhq/selenium/selenium-devtools-v119/4.15.0/selenium-devtools-v119-4.15.0.jar:/Users/shubhamraut/.m2/repository/org/seleniumhq/selenium/selenium-devtools-v85/4.15.0/selenium-devtools-v85-4.15.0.jar:/Users/shubhamraut/.m2/repository/org/seleniumhq/selenium/selenium-edge-driver/4.15.0/selenium-edge-driver-4.15.0.jar:/Users/shubhamraut/.m2/repository/org/seleniumhq/selenium/selenium-firefox-driver/4.15.0/selenium-firefox-driver-4.15.0.jar:/Users/shubhamraut/.m2/repository/org/seleniumhq/selenium/selenium-ie-driver/4.15.0/selenium-ie-driver-4.15.0.jar:/Users/shubhamraut/.m2/repository/org/seleniumhq/selenium/selenium-safari-driver/4.15.0/selenium-safari-driver-4.15.0.jar:/Users/shubhamraut/.m2/repository/org/seleniumhq/selenium/selenium-support/4.15.0/selenium-support-4.15.0.jar:/Users/shubhamraut/.m2/repository/me/jvt/cucumber/reporting-plugin/5.0.0/reporting-plugin-5.0.0.jar:/Users/shubhamraut/.m2/repository/net/masterthought/cucumber-reporting/5.5.3/cucumber-reporting-5.5.3.jar:/Users/shubhamraut/.m2/repository/com/fasterxml/jackson/core/jackson-databind/2.12.1/jackson-databind-2.12.1.jar:/Users/shubhamraut/.m2/repository/com/fasterxml/jackson/core/jackson-annotations/2.12.1/jackson-annotations-2.12.1.jar:/Users/shubhamraut/.m2/repository/com/fasterxml/jackson/core/jackson-core/2.12.1/jackson-core-2.12.1.jar:/Users/shubhamraut/.m2/repository/com/fasterxml/jackson/datatype/jackson-datatype-jsr310/2.12.1/jackson-datatype-jsr310-2.12.1.jar:/Users/shubhamraut/.m2/repository/org/apache/velocity/velocity-engine-core/2.2/velocity-engine-core-2.2.jar:/Users/shubhamraut/.m2/repository/commons-collections/commons-collections/3.2.2/commons-collections-3.2.2.jar:/Users/shubhamraut/.m2/repository/joda-time/joda-time/2.10.9/joda-time-2.10.9.jar:/Users/shubhamraut/.m2/repository/org/apache/commons/commons-lang3/3.11/commons-lang3-3.11.jar:/Users/shubhamraut/.m2/repository/commons-io/commons-io/2.6/commons-io-2.6.jar:/Users/shubhamraut/.m2/repository/org/codehaus/plexus/plexus-utils/3.3.0/plexus-utils-3.3.0.jar:/Users/shubhamraut/.m2/repository/org/jsoup/jsoup/1.13.1/jsoup-1.13.1.jar:/Users/shubhamraut/.m2/repository/com/googlecode/owasp-java-html-sanitizer/owasp-java-html-sanitizer/20200713.1/owasp-java-html-sanitizer-20200713.1.jar:/Users/shubhamraut/.m2/repository/commons-configuration/commons-configuration/1.10/commons-configuration-1.10.jar:/Users/shubhamraut/.m2/repository/commons-lang/commons-lang/2.6/commons-lang-2.6.jar:/Users/shubhamraut/.m2/repository/commons-logging/commons-logging/1.1.1/commons-logging-1.1.1.jar:/Users/shubhamraut/.m2/repository/io/cucumber/cucumber-junit/7.14.0/cucumber-junit-7.14.0.jar:/Users/shubhamraut/.m2/repository/org/ow2/clif/isac/FileReader/3.0.3/FileReader-3.0.3.jar:/Users/shubhamraut/.m2/repository/org/ow2/clif/clif-core/3.0.3/clif-core-3.0.3.jar:/Users/shubhamraut/.m2/repository/org/apache/httpcomponents/fluent-hc/4.5.2/fluent-hc-4.5.2.jar:/Users/shubhamraut/.m2/repository/org/apache/httpcomponents/httpclient/4.5.2/httpclient-4.5.2.jar:/Users/shubhamraut/.m2/repository/org/apache/httpcomponents/httpcore/4.4.4/httpcore-4.4.4.jar:/Users/shubhamraut/.m2/repository/commons-codec/commons-codec/1.9/commons-codec-1.9.jar:/Users/shubhamraut/.m2/repository/org/apache/httpcomponents/httpmime/4.5.2/httpmime-4.5.2.jar:/Users/shubhamraut/.m2/repository/org/zeroturnaround/zt-zip/1.9/zt-zip-1.9.jar:/Users/shubhamraut/.m2/repository/org/ow2/clif/clif-api/3.0.3/clif-api-3.0.3.jar:/Users/shubhamraut/.m2/repository/org/objectweb/proactive/proactive-programming-bundle/5.2.0-update-12/proactive-programming-bundle-5.2.0-update-12.jar:/Users/shubhamraut/.m2/repository/asm/asm/3.3.1/asm-3.3.1.jar:/Users/shubhamraut/.m2/repository/org/bouncycastle/bcprov-jdk15/1.46/bcprov-jdk15-1.46.jar:/Users/shubhamraut/.m2/repository/com/wutka/dtdparser/1.21/dtdparser-1.21.jar:/Users/shubhamraut/.m2/repository/org/etsi/uri/gcm/fractal-gcm-api/1.1.1/fractal-gcm-api-1.1.1.jar:/Users/shubhamraut/.m2/repository/org/objectweb/fractal/fractal-api/2.0.2/fractal-api-2.0.2.jar:/Users/shubhamraut/.m2/repository/org/objectweb/fractal/fractaladl/fractal-adl/2.6.1/fractal-adl-2.6.1.jar:/Users/shubhamraut/.m2/repository/org/objectweb/fractal/fractal-util/1.0/fractal-util-1.0.jar:/Users/shubhamraut/.m2/repository/org/objectweb/monolog/monolog-api/1.8/monolog-api-1.8.jar:/Users/shubhamraut/.m2/repository/org/objectweb/fractal/fractaladl/ast-core/2.6.1/ast-core-2.6.1.jar:/Users/shubhamraut/.m2/repository/dtdparser/dtdparser/1.21/dtdparser-1.21.jar:/Users/shubhamraut/.m2/repository/org/objectweb/fractal/fractaladl/task-framework/2.6.1/task-framework-2.6.1.jar:/Users/shubhamraut/.m2/repository/org/objectweb/fractal/fractaladl/task-deployment/2.6.1/task-deployment-2.6.1.jar:/Users/shubhamraut/.m2/repository/org/mortbay/jetty/jetty/6.1.26/jetty-6.1.26.jar:/Users/shubhamraut/.m2/repository/org/mortbay/jetty/jetty-util/6.1.26/jetty-util-6.1.26.jar:/Users/shubhamraut/.m2/repository/org/mortbay/jetty/servlet-api/2.5-20081211/servlet-api-2.5-20081211.jar:/Users/shubhamraut/.m2/repository/org/javassist/javassist/3.15.0-GA/javassist-3.15.0-GA.jar:/Users/shubhamraut/.m2/repository/xerces/xercesImpl/2.9.1/xercesImpl-2.9.1.jar:/Users/shubhamraut/.m2/repository/org/ow2/proactive/proactive-virtualizing-core/1.1.0/proactive-virtualizing-core-1.1.0.jar:/Users/shubhamraut/.m2/repository/commons-cli/commons-cli/1.2/commons-cli-1.2.jar:/Users/shubhamraut/.m2/repository/org/apache/cxf/cxf-bundle/2.5.4/cxf-bundle-2.5.4.jar:/Users/shubhamraut/.m2/repository/org/apache/ws/xmlschema/xmlschema-core/2.0.2/xmlschema-core-2.0.2.jar:/Users/shubhamraut/.m2/repository/org/codehaus/woodstox/woodstox-core-asl/4.1.2/woodstox-core-asl-4.1.2.jar:/Users/shubhamraut/.m2/repository/org/codehaus/woodstox/stax2-api/3.1.1/stax2-api-3.1.1.jar:/Users/shubhamraut/.m2/repository/org/apache/geronimo/specs/geronimo-stax-api_1.0_spec/1.0.1/geronimo-stax-api_1.0_spec-1.0.1.jar:/Users/shubhamraut/.m2/repository/org/apache/geronimo/specs/geronimo-annotation_1.0_spec/1.1.1/geronimo-annotation_1.0_spec-1.1.1.jar:/Users/shubhamraut/.m2/repository/javax/xml/bind/jaxb-api/2.2.3/jaxb-api-2.2.3.jar:/Users/shubhamraut/.m2/repository/org/apache/velocity/velocity/1.7/velocity-1.7.jar:/Users/shubhamraut/.m2/repository/wsdl4j/wsdl4j/1.6.2/wsdl4j-1.6.2.jar:/Users/shubhamraut/.m2/repository/com/sun/xml/bind/jaxb-xjc/2.2.4-1/jaxb-xjc-2.2.4-1.jar:/Users/shubhamraut/.m2/repository/com/sun/xml/bind/jaxb-impl/2.2.4-1/jaxb-impl-2.2.4-1.jar:/Users/shubhamraut/.m2/repository/org/apache/neethi/neethi/3.0.2/neethi-3.0.2.jar:/Users/shubhamraut/.m2/repository/org/apache/geronimo/specs/geronimo-activation_1.1_spec/1.1/geronimo-activation_1.1_spec-1.1.jar:/Users/shubhamraut/.m2/repository/org/apache/geronimo/specs/geronimo-javamail_1.4_spec/1.7.1/geronimo-javamail_1.4_spec-1.7.1.jar:/Users/shubhamraut/.m2/repository/javax/xml/soap/saaj-api/1.3.4/saaj-api-1.3.4.jar:/Users/shubhamraut/.m2/repository/org/apache/geronimo/specs/geronimo-ws-metadata_2.0_spec/1.1.3/geronimo-ws-metadata_2.0_spec-1.1.3.jar:/Users/shubhamraut/.m2/repository/org/apache/geronimo/specs/geronimo-jaxws_2.2_spec/1.1/geronimo-jaxws_2.2_spec-1.1.jar:/Users/shubhamraut/.m2/repository/xml-resolver/xml-resolver/1.2/xml-resolver-1.2.jar:/Users/shubhamraut/.m2/repository/org/springframework/spring-web/3.0.6.RELEASE/spring-web-3.0.6.RELEASE.jar:/Users/shubhamraut/.m2/repository/aopalliance/aopalliance/1.0/aopalliance-1.0.jar:/Users/shubhamraut/.m2/repository/org/springframework/spring-beans/3.0.6.RELEASE/spring-beans-3.0.6.RELEASE.jar:/Users/shubhamraut/.m2/repository/org/springframework/spring-core/3.0.6.RELEASE/spring-core-3.0.6.RELEASE.jar:/Users/shubhamraut/.m2/repository/org/springframework/spring-asm/3.0.6.RELEASE/spring-asm-3.0.6.RELEASE.jar:/Users/shubhamraut/.m2/repository/org/springframework/spring-context/3.0.6.RELEASE/spring-context-3.0.6.RELEASE.jar:/Users/shubhamraut/.m2/repository/org/springframework/spring-aop/3.0.6.RELEASE/spring-aop-3.0.6.RELEASE.jar:/Users/shubhamraut/.m2/repository/org/springframework/spring-expression/3.0.6.RELEASE/spring-expression-3.0.6.RELEASE.jar:/Users/shubhamraut/.m2/repository/com/sun/xml/messaging/saaj/saaj-impl/1.3.12/saaj-impl-1.3.12.jar:/Users/shubhamraut/.m2/repository/org/jvnet/mimepull/1.4/mimepull-1.4.jar:/Users/shubhamraut/.m2/repository/antlr/antlr/2.7.7/antlr-2.7.7.jar:/Users/shubhamraut/.m2/repository/org/apache/xmlbeans/xmlbeans/2.5.0/xmlbeans-2.5.0.jar:/Users/shubhamraut/.m2/repository/javax/ws/rs/jsr311-api/1.1.1/jsr311-api-1.1.1.jar:/Users/shubhamraut/.m2/repository/org/codehaus/jettison/jettison/1.3.1/jettison-1.3.1.jar:/Users/shubhamraut/.m2/repository/org/eclipse/jetty/jetty-server/7.5.4.v20111024/jetty-server-7.5.4.v20111024.jar:/Users/shubhamraut/.m2/repository/org/eclipse/jetty/jetty-continuation/7.5.4.v20111024/jetty-continuation-7.5.4.v20111024.jar:/Users/shubhamraut/.m2/repository/org/eclipse/jetty/jetty-http/7.5.4.v20111024/jetty-http-7.5.4.v20111024.jar:/Users/shubhamraut/.m2/repository/org/eclipse/jetty/jetty-io/7.5.4.v20111024/jetty-io-7.5.4.v20111024.jar:/Users/shubhamraut/.m2/repository/org/eclipse/jetty/jetty-util/7.5.4.v20111024/jetty-util-7.5.4.v20111024.jar:/Users/shubhamraut/.m2/repository/org/eclipse/jetty/jetty-security/7.5.4.v20111024/jetty-security-7.5.4.v20111024.jar:/Users/shubhamraut/.m2/repository/org/apache/geronimo/specs/geronimo-servlet_2.5_spec/1.1.2/geronimo-servlet_2.5_spec-1.1.2.jar:/Users/shubhamraut/.m2/repository/org/apache/geronimo/specs/geronimo-jms_1.1_spec/1.1.1/geronimo-jms_1.1_spec-1.1.1.jar:/Users/shubhamraut/.m2/repository/org/springframework/spring-jms/3.0.6.RELEASE/spring-jms-3.0.6.RELEASE.jar:/Users/shubhamraut/.m2/repository/org/springframework/spring-tx/3.0.6.RELEASE/spring-tx-3.0.6.RELEASE.jar:/Users/shubhamraut/.m2/repository/org/codehaus/jra/jra/1.0-alpha-4/jra-1.0-alpha-4.jar:/Users/shubhamraut/.m2/repository/rhino/js/1.7R2/js-1.7R2.jar:/Users/shubhamraut/.m2/repository/org/apache/ws/security/wss4j/1.6.6/wss4j-1.6.6.jar:/Users/shubhamraut/.m2/repository/org/apache/santuario/xmlsec/1.5.2/xmlsec-1.5.2.jar:/Users/shubhamraut/.m2/repository/org/opensaml/opensaml/2.5.1-1/opensaml-2.5.1-1.jar:/Users/shubhamraut/.m2/repository/org/opensaml/openws/1.4.2-1/openws-1.4.2-1.jar:/Users/shubhamraut/.m2/repository/org/opensaml/xmltooling/1.3.2-1/xmltooling-1.3.2-1.jar:/Users/shubhamraut/.m2/repository/xalan/serializer/2.7.1/serializer-2.7.1.jar:/Users/shubhamraut/.m2/repository/io/netty/netty/3.3.1.Final/netty-3.3.1.Final.jar:/Users/shubhamraut/.m2/repository/org/ops4j/pax/logging/pax-logging-api/1.7.0/pax-logging-api-1.7.0.jar:/Users/shubhamraut/.m2/repository/org/jfree/jfreechart/1.0.14/jfreechart-1.0.14.jar:/Users/shubhamraut/.m2/repository/org/jfree/jcommon/1.0.17/jcommon-1.0.17.jar:/Users/shubhamraut/.m2/repository/xml-apis/xml-apis/1.3.04/xml-apis-1.3.04.jar:/Users/shubhamraut/.m2/repository/com/lowagie/itext/2.1.5/itext-2.1.5.jar:/Users/shubhamraut/.m2/repository/bouncycastle/bcmail-jdk14/138/bcmail-jdk14-138.jar:/Users/shubhamraut/.m2/repository/bouncycastle/bcprov-jdk14/138/bcprov-jdk14-138.jar:/Users/shubhamraut/.m2/repository/org/jdom/jdom/1.1/jdom-1.1.jar:/Users/shubhamraut/.m2/repository/org/fusesource/sigar/1.6.4/sigar-1.6.4.jar:/Users/shubhamraut/.m2/repository/log4j/log4j/1.2.15/log4j-1.2.15.jar:/Users/shubhamraut/.m2/repository/org/apache/commons/commons-math3/3.0/commons-math3-3.0.jar:/Users/shubhamraut/.m2/repository/org/apache/xmlgraphics/batik-dom/1.8/batik-dom-1.8.jar:/Users/shubhamraut/.m2/repository/org/apache/xmlgraphics/batik-css/1.8/batik-css-1.8.jar:/Users/shubhamraut/.m2/repository/org/apache/xmlgraphics/batik-xml/1.8/batik-xml-1.8.jar:/Users/shubhamraut/.m2/repository/xalan/xalan/2.7.0/xalan-2.7.0.jar:/Users/shubhamraut/.m2/repository/xml-apis/xml-apis-ext/1.3.04/xml-apis-ext-1.3.04.jar:/Users/shubhamraut/.m2/repository/org/apache/xmlgraphics/batik-svggen/1.8/batik-svggen-1.8.jar:/Users/shubhamraut/.m2/repository/org/apache/xmlgraphics/batik-ext/1.8/batik-ext-1.8.jar:/Users/shubhamraut/.m2/repository/org/apache/xmlgraphics/batik-awt-util/1.8/batik-awt-util-1.8.jar:/Users/shubhamraut/.m2/repository/org/apache/xmlgraphics/batik-util/1.8/batik-util-1.8.jar:/Users/shubhamraut/.m2/repository/org/tiledreader/TiledReader/1.1.0/TiledReader-1.1.0.jar:"/>
    <property name="java.vm.vendor" value="Amazon.com Inc."/>
    <property name="sun.arch.data.model" value="64"/>
    <property name="java.vendor.url" value="https://aws.amazon.com/corretto/"/>
    <property name="user.timezone" value="Asia/Kolkata"/>
    <property name="os.name" value="Mac OS X"/>
    <property name="java.vm.specification.version" value="19"/>
    <property name="sun.java.launcher" value="SUN_STANDARD"/>
    <property name="user.country" value="IN"/>
    <property name="sun.boot.library.path" value="/Users/shubhamraut/Library/Java/JavaVirtualMachines/corretto-19.0.2/Contents/Home/lib"/>
    <property name="sun.java.command" value="/Users/shubhamraut/Documents/GitHub/cucumberJava/target/surefire/surefirebooter-20231125200755105_3.jar /Users/shubhamraut/Documents/GitHub/cucumberJava/target/surefire 2023-11-25T20-07-55_063-jvmRun1 surefire-20231125200755105_1tmp surefire_0-20231125200755105_2tmp"/>
    <property name="http.nonProxyHosts" value="local|*.local|169.254/16|*.169.254/16"/>
    <property name="jdk.debug" value="release"/>
    <property name="surefire.test.class.path" value="/Users/shubhamraut/Documents/GitHub/cucumberJava/target/test-classes:/Users/shubhamraut/Documents/GitHub/cucumberJava/target/classes:/Users/shubhamraut/.m2/repository/io/cucumber/cucumber-java/7.14.0/cucumber-java-7.14.0.jar:/Users/shubhamraut/.m2/repository/io/cucumber/cucumber-core/7.14.0/cucumber-core-7.14.0.jar:/Users/shubhamraut/.m2/repository/io/cucumber/cucumber-gherkin/7.14.0/cucumber-gherkin-7.14.0.jar:/Users/shubhamraut/.m2/repository/io/cucumber/cucumber-gherkin-messages/7.14.0/cucumber-gherkin-messages-7.14.0.jar:/Users/shubhamraut/.m2/repository/io/cucumber/tag-expressions/5.0.6/tag-expressions-5.0.6.jar:/Users/shubhamraut/.m2/repository/io/cucumber/cucumber-expressions/16.1.2/cucumber-expressions-16.1.2.jar:/Users/shubhamraut/.m2/repository/io/cucumber/datatable/7.14.0/datatable-7.14.0.jar:/Users/shubhamraut/.m2/repository/io/cucumber/cucumber-plugin/7.14.0/cucumber-plugin-7.14.0.jar:/Users/shubhamraut/.m2/repository/io/cucumber/docstring/7.14.0/docstring-7.14.0.jar:/Users/shubhamraut/.m2/repository/io/cucumber/html-formatter/20.4.0/html-formatter-20.4.0.jar:/Users/shubhamraut/.m2/repository/io/cucumber/junit-xml-formatter/0.2.0/junit-xml-formatter-0.2.0.jar:/Users/shubhamraut/.m2/repository/io/cucumber/ci-environment/9.2.0/ci-environment-9.2.0.jar:/Users/shubhamraut/.m2/repository/org/apiguardian/apiguardian-api/1.1.2/apiguardian-api-1.1.2.jar:/Users/shubhamraut/.m2/repository/junit/junit/4.13.2/junit-4.13.2.jar:/Users/shubhamraut/.m2/repository/org/hamcrest/hamcrest-core/1.3/hamcrest-core-1.3.jar:/Users/shubhamraut/.m2/repository/io/cucumber/gherkin/27.0.0/gherkin-27.0.0.jar:/Users/shubhamraut/.m2/repository/io/cucumber/messages/22.0.0/messages-22.0.0.jar:/Users/shubhamraut/.m2/repository/org/seleniumhq/selenium/selenium-chrome-driver/4.15.0/selenium-chrome-driver-4.15.0.jar:/Users/shubhamraut/.m2/repository/com/google/auto/service/auto-service-annotations/1.1.1/auto-service-annotations-1.1.1.jar:/Users/shubhamraut/.m2/repository/org/seleniumhq/selenium/selenium-api/4.15.0/selenium-api-4.15.0.jar:/Users/shubhamraut/.m2/repository/org/seleniumhq/selenium/selenium-chromium-driver/4.15.0/selenium-chromium-driver-4.15.0.jar:/Users/shubhamraut/.m2/repository/org/seleniumhq/selenium/selenium-json/4.15.0/selenium-json-4.15.0.jar:/Users/shubhamraut/.m2/repository/org/seleniumhq/selenium/selenium-manager/4.15.0/selenium-manager-4.15.0.jar:/Users/shubhamraut/.m2/repository/org/seleniumhq/selenium/selenium-os/4.15.0/selenium-os-4.15.0.jar:/Users/shubhamraut/.m2/repository/org/apache/commons/commons-exec/1.3/commons-exec-1.3.jar:/Users/shubhamraut/.m2/repository/org/seleniumhq/selenium/selenium-remote-driver/4.15.0/selenium-remote-driver-4.15.0.jar:/Users/shubhamraut/.m2/repository/com/google/guava/guava/32.1.2-jre/guava-32.1.2-jre.jar:/Users/shubhamraut/.m2/repository/com/google/guava/failureaccess/1.0.1/failureaccess-1.0.1.jar:/Users/shubhamraut/.m2/repository/com/google/guava/listenablefuture/9999.0-empty-to-avoid-conflict-with-guava/listenablefuture-9999.0-empty-to-avoid-conflict-with-guava.jar:/Users/shubhamraut/.m2/repository/com/google/code/findbugs/jsr305/3.0.2/jsr305-3.0.2.jar:/Users/shubhamraut/.m2/repository/org/checkerframework/checker-qual/3.33.0/checker-qual-3.33.0.jar:/Users/shubhamraut/.m2/repository/com/google/errorprone/error_prone_annotations/2.18.0/error_prone_annotations-2.18.0.jar:/Users/shubhamraut/.m2/repository/com/google/j2objc/j2objc-annotations/2.8/j2objc-annotations-2.8.jar:/Users/shubhamraut/.m2/repository/io/opentelemetry/opentelemetry-api/1.28.0/opentelemetry-api-1.28.0.jar:/Users/shubhamraut/.m2/repository/io/opentelemetry/opentelemetry-context/1.28.0/opentelemetry-context-1.28.0.jar:/Users/shubhamraut/.m2/repository/io/opentelemetry/opentelemetry-exporter-logging/1.28.0/opentelemetry-exporter-logging-1.28.0.jar:/Users/shubhamraut/.m2/repository/io/opentelemetry/opentelemetry-sdk-metrics/1.28.0/opentelemetry-sdk-metrics-1.28.0.jar:/Users/shubhamraut/.m2/repository/io/opentelemetry/opentelemetry-extension-incubator/1.28.0-alpha/opentelemetry-extension-incubator-1.28.0-alpha.jar:/Users/shubhamraut/.m2/repository/io/opentelemetry/opentelemetry-sdk-logs/1.28.0/opentelemetry-sdk-logs-1.28.0.jar:/Users/shubhamraut/.m2/repository/io/opentelemetry/opentelemetry-sdk-common/1.28.0/opentelemetry-sdk-common-1.28.0.jar:/Users/shubhamraut/.m2/repository/io/opentelemetry/opentelemetry-sdk-extension-autoconfigure-spi/1.28.0/opentelemetry-sdk-extension-autoconfigure-spi-1.28.0.jar:/Users/shubhamraut/.m2/repository/io/opentelemetry/opentelemetry-sdk-extension-autoconfigure/1.28.0/opentelemetry-sdk-extension-autoconfigure-1.28.0.jar:/Users/shubhamraut/.m2/repository/io/opentelemetry/opentelemetry-api-events/1.28.0-alpha/opentelemetry-api-events-1.28.0-alpha.jar:/Users/shubhamraut/.m2/repository/io/opentelemetry/opentelemetry-sdk-trace/1.28.0/opentelemetry-sdk-trace-1.28.0.jar:/Users/shubhamraut/.m2/repository/io/opentelemetry/opentelemetry-sdk/1.28.0/opentelemetry-sdk-1.28.0.jar:/Users/shubhamraut/.m2/repository/io/opentelemetry/opentelemetry-semconv/1.28.0-alpha/opentelemetry-semconv-1.28.0-alpha.jar:/Users/shubhamraut/.m2/repository/net/bytebuddy/byte-buddy/1.14.5/byte-buddy-1.14.5.jar:/Users/shubhamraut/.m2/repository/org/seleniumhq/selenium/selenium-http/4.15.0/selenium-http-4.15.0.jar:/Users/shubhamraut/.m2/repository/dev/failsafe/failsafe/3.3.2/failsafe-3.3.2.jar:/Users/shubhamraut/.m2/repository/org/testng/testng/7.8.0/testng-7.8.0.jar:/Users/shubhamraut/.m2/repository/org/slf4j/slf4j-api/1.7.36/slf4j-api-1.7.36.jar:/Users/shubhamraut/.m2/repository/com/beust/jcommander/1.82/jcommander-1.82.jar:/Users/shubhamraut/.m2/repository/org/webjars/jquery/3.6.1/jquery-3.6.1.jar:/Users/shubhamraut/.m2/repository/org/seleniumhq/selenium/selenium-java/4.15.0/selenium-java-4.15.0.jar:/Users/shubhamraut/.m2/repository/org/seleniumhq/selenium/selenium-devtools-v117/4.15.0/selenium-devtools-v117-4.15.0.jar:/Users/shubhamraut/.m2/repository/org/seleniumhq/selenium/selenium-devtools-v118/4.15.0/selenium-devtools-v118-4.15.0.jar:/Users/shubhamraut/.m2/repository/org/seleniumhq/selenium/selenium-devtools-v119/4.15.0/selenium-devtools-v119-4.15.0.jar:/Users/shubhamraut/.m2/repository/org/seleniumhq/selenium/selenium-devtools-v85/4.15.0/selenium-devtools-v85-4.15.0.jar:/Users/shubhamraut/.m2/repository/org/seleniumhq/selenium/selenium-edge-driver/4.15.0/selenium-edge-driver-4.15.0.jar:/Users/shubhamraut/.m2/repository/org/seleniumhq/selenium/selenium-firefox-driver/4.15.0/selenium-firefox-driver-4.15.0.jar:/Users/shubhamraut/.m2/repository/org/seleniumhq/selenium/selenium-ie-driver/4.15.0/selenium-ie-driver-4.15.0.jar:/Users/shubhamraut/.m2/repository/org/seleniumhq/selenium/selenium-safari-driver/4.15.0/selenium-safari-driver-4.15.0.jar:/Users/shubhamraut/.m2/repository/org/seleniumhq/selenium/selenium-support/4.15.0/selenium-support-4.15.0.jar:/Users/shubhamraut/.m2/repository/me/jvt/cucumber/reporting-plugin/5.0.0/reporting-plugin-5.0.0.jar:/Users/shubhamraut/.m2/repository/net/masterthought/cucumber-reporting/5.5.3/cucumber-reporting-5.5.3.jar:/Users/shubhamraut/.m2/repository/com/fasterxml/jackson/core/jackson-databind/2.12.1/jackson-databind-2.12.1.jar:/Users/shubhamraut/.m2/repository/com/fasterxml/jackson/core/jackson-annotations/2.12.1/jackson-annotations-2.12.1.jar:/Users/shubhamraut/.m2/repository/com/fasterxml/jackson/core/jackson-core/2.12.1/jackson-core-2.12.1.jar:/Users/shubhamraut/.m2/repository/com/fasterxml/jackson/datatype/jackson-datatype-jsr310/2.12.1/jackson-datatype-jsr310-2.12.1.jar:/Users/shubhamraut/.m2/repository/org/apache/velocity/velocity-engine-core/2.2/velocity-engine-core-2.2.jar:/Users/shubhamraut/.m2/repository/commons-collections/commons-collections/3.2.2/commons-collections-3.2.2.jar:/Users/shubhamraut/.m2/repository/joda-time/joda-time/2.10.9/joda-time-2.10.9.jar:/Users/shubhamraut/.m2/repository/org/apache/commons/commons-lang3/3.11/commons-lang3-3.11.jar:/Users/shubhamraut/.m2/repository/commons-io/commons-io/2.6/commons-io-2.6.jar:/Users/shubhamraut/.m2/repository/org/codehaus/plexus/plexus-utils/3.3.0/plexus-utils-3.3.0.jar:/Users/shubhamraut/.m2/repository/org/jsoup/jsoup/1.13.1/jsoup-1.13.1.jar:/Users/shubhamraut/.m2/repository/com/googlecode/owasp-java-html-sanitizer/owasp-java-html-sanitizer/20200713.1/owasp-java-html-sanitizer-20200713.1.jar:/Users/shubhamraut/.m2/repository/commons-configuration/commons-configuration/1.10/commons-configuration-1.10.jar:/Users/shubhamraut/.m2/repository/commons-lang/commons-lang/2.6/commons-lang-2.6.jar:/Users/shubhamraut/.m2/repository/commons-logging/commons-logging/1.1.1/commons-logging-1.1.1.jar:/Users/shubhamraut/.m2/repository/io/cucumber/cucumber-junit/7.14.0/cucumber-junit-7.14.0.jar:/Users/shubhamraut/.m2/repository/org/ow2/clif/isac/FileReader/3.0.3/FileReader-3.0.3.jar:/Users/shubhamraut/.m2/repository/org/ow2/clif/clif-core/3.0.3/clif-core-3.0.3.jar:/Users/shubhamraut/.m2/repository/org/apache/httpcomponents/fluent-hc/4.5.2/fluent-hc-4.5.2.jar:/Users/shubhamraut/.m2/repository/org/apache/httpcomponents/httpclient/4.5.2/httpclient-4.5.2.jar:/Users/shubhamraut/.m2/repository/org/apache/httpcomponents/httpcore/4.4.4/httpcore-4.4.4.jar:/Users/shubhamraut/.m2/repository/commons-codec/commons-codec/1.9/commons-codec-1.9.jar:/Users/shubhamraut/.m2/repository/org/apache/httpcomponents/httpmime/4.5.2/httpmime-4.5.2.jar:/Users/shubhamraut/.m2/repository/org/zeroturnaround/zt-zip/1.9/zt-zip-1.9.jar:/Users/shubhamraut/.m2/repository/org/ow2/clif/clif-api/3.0.3/clif-api-3.0.3.jar:/Users/shubhamraut/.m2/repository/org/objectweb/proactive/proactive-programming-bundle/5.2.0-update-12/proactive-programming-bundle-5.2.0-update-12.jar:/Users/shubhamraut/.m2/repository/asm/asm/3.3.1/asm-3.3.1.jar:/Users/shubhamraut/.m2/repository/org/bouncycastle/bcprov-jdk15/1.46/bcprov-jdk15-1.46.jar:/Users/shubhamraut/.m2/repository/com/wutka/dtdparser/1.21/dtdparser-1.21.jar:/Users/shubhamraut/.m2/repository/org/etsi/uri/gcm/fractal-gcm-api/1.1.1/fractal-gcm-api-1.1.1.jar:/Users/shubhamraut/.m2/repository/org/objectweb/fractal/fractal-api/2.0.2/fractal-api-2.0.2.jar:/Users/shubhamraut/.m2/repository/org/objectweb/fractal/fractaladl/fractal-adl/2.6.1/fractal-adl-2.6.1.jar:/Users/shubhamraut/.m2/repository/org/objectweb/fractal/fractal-util/1.0/fractal-util-1.0.jar:/Users/shubhamraut/.m2/repository/org/objectweb/monolog/monolog-api/1.8/monolog-api-1.8.jar:/Users/shubhamraut/.m2/repository/org/objectweb/fractal/fractaladl/ast-core/2.6.1/ast-core-2.6.1.jar:/Users/shubhamraut/.m2/repository/dtdparser/dtdparser/1.21/dtdparser-1.21.jar:/Users/shubhamraut/.m2/repository/org/objectweb/fractal/fractaladl/task-framework/2.6.1/task-framework-2.6.1.jar:/Users/shubhamraut/.m2/repository/org/objectweb/fractal/fractaladl/task-deployment/2.6.1/task-deployment-2.6.1.jar:/Users/shubhamraut/.m2/repository/org/mortbay/jetty/jetty/6.1.26/jetty-6.1.26.jar:/Users/shubhamraut/.m2/repository/org/mortbay/jetty/jetty-util/6.1.26/jetty-util-6.1.26.jar:/Users/shubhamraut/.m2/repository/org/mortbay/jetty/servlet-api/2.5-20081211/servlet-api-2.5-20081211.jar:/Users/shubhamraut/.m2/repository/org/javassist/javassist/3.15.0-GA/javassist-3.15.0-GA.jar:/Users/shubhamraut/.m2/repository/xerces/xercesImpl/2.9.1/xercesImpl-2.9.1.jar:/Users/shubhamraut/.m2/repository/org/ow2/proactive/proactive-virtualizing-core/1.1.0/proactive-virtualizing-core-1.1.0.jar:/Users/shubhamraut/.m2/repository/commons-cli/commons-cli/1.2/commons-cli-1.2.jar:/Users/shubhamraut/.m2/repository/org/apache/cxf/cxf-bundle/2.5.4/cxf-bundle-2.5.4.jar:/Users/shubhamraut/.m2/repository/org/apache/ws/xmlschema/xmlschema-core/2.0.2/xmlschema-core-2.0.2.jar:/Users/shubhamraut/.m2/repository/org/codehaus/woodstox/woodstox-core-asl/4.1.2/woodstox-core-asl-4.1.2.jar:/Users/shubhamraut/.m2/repository/org/codehaus/woodstox/stax2-api/3.1.1/stax2-api-3.1.1.jar:/Users/shubhamraut/.m2/repository/org/apache/geronimo/specs/geronimo-stax-api_1.0_spec/1.0.1/geronimo-stax-api_1.0_spec-1.0.1.jar:/Users/shubhamraut/.m2/repository/org/apache/geronimo/specs/geronimo-annotation_1.0_spec/1.1.1/geronimo-annotation_1.0_spec-1.1.1.jar:/Users/shubhamraut/.m2/repository/javax/xml/bind/jaxb-api/2.2.3/jaxb-api-2.2.3.jar:/Users/shubhamraut/.m2/repository/org/apache/velocity/velocity/1.7/velocity-1.7.jar:/Users/shubhamraut/.m2/repository/wsdl4j/wsdl4j/1.6.2/wsdl4j-1.6.2.jar:/Users/shubhamraut/.m2/repository/com/sun/xml/bind/jaxb-xjc/2.2.4-1/jaxb-xjc-2.2.4-1.jar:/Users/shubhamraut/.m2/repository/com/sun/xml/bind/jaxb-impl/2.2.4-1/jaxb-impl-2.2.4-1.jar:/Users/shubhamraut/.m2/repository/org/apache/neethi/neethi/3.0.2/neethi-3.0.2.jar:/Users/shubhamraut/.m2/repository/org/apache/geronimo/specs/geronimo-activation_1.1_spec/1.1/geronimo-activation_1.1_spec-1.1.jar:/Users/shubhamraut/.m2/repository/org/apache/geronimo/specs/geronimo-javamail_1.4_spec/1.7.1/geronimo-javamail_1.4_spec-1.7.1.jar:/Users/shubhamraut/.m2/repository/javax/xml/soap/saaj-api/1.3.4/saaj-api-1.3.4.jar:/Users/shubhamraut/.m2/repository/org/apache/geronimo/specs/geronimo-ws-metadata_2.0_spec/1.1.3/geronimo-ws-metadata_2.0_spec-1.1.3.jar:/Users/shubhamraut/.m2/repository/org/apache/geronimo/specs/geronimo-jaxws_2.2_spec/1.1/geronimo-jaxws_2.2_spec-1.1.jar:/Users/shubhamraut/.m2/repository/xml-resolver/xml-resolver/1.2/xml-resolver-1.2.jar:/Users/shubhamraut/.m2/repository/org/springframework/spring-web/3.0.6.RELEASE/spring-web-3.0.6.RELEASE.jar:/Users/shubhamraut/.m2/repository/aopalliance/aopalliance/1.0/aopalliance-1.0.jar:/Users/shubhamraut/.m2/repository/org/springframework/spring-beans/3.0.6.RELEASE/spring-beans-3.0.6.RELEASE.jar:/Users/shubhamraut/.m2/repository/org/springframework/spring-core/3.0.6.RELEASE/spring-core-3.0.6.RELEASE.jar:/Users/shubhamraut/.m2/repository/org/springframework/spring-asm/3.0.6.RELEASE/spring-asm-3.0.6.RELEASE.jar:/Users/shubhamraut/.m2/repository/org/springframework/spring-context/3.0.6.RELEASE/spring-context-3.0.6.RELEASE.jar:/Users/shubhamraut/.m2/repository/org/springframework/spring-aop/3.0.6.RELEASE/spring-aop-3.0.6.RELEASE.jar:/Users/shubhamraut/.m2/repository/org/springframework/spring-expression/3.0.6.RELEASE/spring-expression-3.0.6.RELEASE.jar:/Users/shubhamraut/.m2/repository/com/sun/xml/messaging/saaj/saaj-impl/1.3.12/saaj-impl-1.3.12.jar:/Users/shubhamraut/.m2/repository/org/jvnet/mimepull/1.4/mimepull-1.4.jar:/Users/shubhamraut/.m2/repository/antlr/antlr/2.7.7/antlr-2.7.7.jar:/Users/shubhamraut/.m2/repository/org/apache/xmlbeans/xmlbeans/2.5.0/xmlbeans-2.5.0.jar:/Users/shubhamraut/.m2/repository/javax/ws/rs/jsr311-api/1.1.1/jsr311-api-1.1.1.jar:/Users/shubhamraut/.m2/repository/org/codehaus/jettison/jettison/1.3.1/jettison-1.3.1.jar:/Users/shubhamraut/.m2/repository/org/eclipse/jetty/jetty-server/7.5.4.v20111024/jetty-server-7.5.4.v20111024.jar:/Users/shubhamraut/.m2/repository/org/eclipse/jetty/jetty-continuation/7.5.4.v20111024/jetty-continuation-7.5.4.v20111024.jar:/Users/shubhamraut/.m2/repository/org/eclipse/jetty/jetty-http/7.5.4.v20111024/jetty-http-7.5.4.v20111024.jar:/Users/shubhamraut/.m2/repository/org/eclipse/jetty/jetty-io/7.5.4.v20111024/jetty-io-7.5.4.v20111024.jar:/Users/shubhamraut/.m2/repository/org/eclipse/jetty/jetty-util/7.5.4.v20111024/jetty-util-7.5.4.v20111024.jar:/Users/shubhamraut/.m2/repository/org/eclipse/jetty/jetty-security/7.5.4.v20111024/jetty-security-7.5.4.v20111024.jar:/Users/shubhamraut/.m2/repository/org/apache/geronimo/specs/geronimo-servlet_2.5_spec/1.1.2/geronimo-servlet_2.5_spec-1.1.2.jar:/Users/shubhamraut/.m2/repository/org/apache/geronimo/specs/geronimo-jms_1.1_spec/1.1.1/geronimo-jms_1.1_spec-1.1.1.jar:/Users/shubhamraut/.m2/repository/org/springframework/spring-jms/3.0.6.RELEASE/spring-jms-3.0.6.RELEASE.jar:/Users/shubhamraut/.m2/repository/org/springframework/spring-tx/3.0.6.RELEASE/spring-tx-3.0.6.RELEASE.jar:/Users/shubhamraut/.m2/repository/org/codehaus/jra/jra/1.0-alpha-4/jra-1.0-alpha-4.jar:/Users/shubhamraut/.m2/repository/rhino/js/1.7R2/js-1.7R2.jar:/Users/shubhamraut/.m2/repository/org/apache/ws/security/wss4j/1.6.6/wss4j-1.6.6.jar:/Users/shubhamraut/.m2/repository/org/apache/santuario/xmlsec/1.5.2/xmlsec-1.5.2.jar:/Users/shubhamraut/.m2/repository/org/opensaml/opensaml/2.5.1-1/opensaml-2.5.1-1.jar:/Users/shubhamraut/.m2/repository/org/opensaml/openws/1.4.2-1/openws-1.4.2-1.jar:/Users/shubhamraut/.m2/repository/org/opensaml/xmltooling/1.3.2-1/xmltooling-1.3.2-1.jar:/Users/shubhamraut/.m2/repository/xalan/serializer/2.7.1/serializer-2.7.1.jar:/Users/shubhamraut/.m2/repository/io/netty/netty/3.3.1.Final/netty-3.3.1.Final.jar:/Users/shubhamraut/.m2/repository/org/ops4j/pax/logging/pax-logging-api/1.7.0/pax-logging-api-1.7.0.jar:/Users/shubhamraut/.m2/repository/org/jfree/jfreechart/1.0.14/jfreechart-1.0.14.jar:/Users/shubhamraut/.m2/repository/org/jfree/jcommon/1.0.17/jcommon-1.0.17.jar:/Users/shubhamraut/.m2/repository/xml-apis/xml-apis/1.3.04/xml-apis-1.3.04.jar:/Users/shubhamraut/.m2/repository/com/lowagie/itext/2.1.5/itext-2.1.5.jar:/Users/shubhamraut/.m2/repository/bouncycastle/bcmail-jdk14/138/bcmail-jdk14-138.jar:/Users/shubhamraut/.m2/repository/bouncycastle/bcprov-jdk14/138/bcprov-jdk14-138.jar:/Users/shubhamraut/.m2/repository/org/jdom/jdom/1.1/jdom-1.1.jar:/Users/shubhamraut/.m2/repository/org/fusesource/sigar/1.6.4/sigar-1.6.4.jar:/Users/shubhamraut/.m2/repository/log4j/log4j/1.2.15/log4j-1.2.15.jar:/Users/shubhamraut/.m2/repository/org/apache/commons/commons-math3/3.0/commons-math3-3.0.jar:/Users/shubhamraut/.m2/repository/org/apache/xmlgraphics/batik-dom/1.8/batik-dom-1.8.jar:/Users/shubhamraut/.m2/repository/org/apache/xmlgraphics/batik-css/1.8/batik-css-1.8.jar:/Users/shubhamraut/.m2/repository/org/apache/xmlgraphics/batik-xml/1.8/batik-xml-1.8.jar:/Users/shubhamraut/.m2/repository/xalan/xalan/2.7.0/xalan-2.7.0.jar:/Users/shubhamraut/.m2/repository/xml-apis/xml-apis-ext/1.3.04/xml-apis-ext-1.3.04.jar:/Users/shubhamraut/.m2/repository/org/apache/xmlgraphics/batik-svggen/1.8/batik-svggen-1.8.jar:/Users/shubhamraut/.m2/repository/org/apache/xmlgraphics/batik-ext/1.8/batik-ext-1.8.jar:/Users/shubhamraut/.m2/repository/org/apache/xmlgraphics/batik-awt-util/1.8/batik-awt-util-1.8.jar:/Users/shubhamraut/.m2/repository/org/apache/xmlgraphics/batik-util/1.8/batik-util-1.8.jar:/Users/shubhamraut/.m2/repository/org/tiledreader/TiledReader/1.1.0/TiledReader-1.1.0.jar:"/>
    <property name="sun.cpu.endian" value="little"/>
    <property name="user.home" value="/Users/shubhamraut"/>
    <property name="user.language" value="en"/>
    <property name="java.specification.vendor" value="Oracle Corporation"/>
    <property name="java.version.date" value="2023-01-17"/>
    <property name="java.home" value="/Users/shubhamraut/Library/Java/JavaVirtualMachines/corretto-19.0.2/Contents/Home"/>
    <property name="file.separator" value="/"/>
    <property name="basedir" value="/Users/shubhamraut/Documents/GitHub/cucumberJava"/>
    <property name="java.vm.compressedOopsMode" value="Zero based"/>
    <property name="line.separator" value="&#10;"/>
    <property name="java.vm.specification.vendor" value="Oracle Corporation"/>
    <property name="java.specification.name" value="Java Platform API Specification"/>
    <property name="apple.awt.application.name" value="ForkedBooter"/>
    <property name="surefire.real.class.path" value="/Users/shubhamraut/Documents/GitHub/cucumberJava/target/surefire/surefirebooter-20231125200755105_3.jar"/>
    <property name="sun.management.compiler" value="HotSpot 64-Bit Tiered Compilers"/>
    <property name="ftp.nonProxyHosts" value="local|*.local|169.254/16|*.169.254/16"/>
    <property name="java.runtime.version" value="19.0.2+7-FR"/>
    <property name="user.name" value="shubhamraut"/>
    <property name="stdout.encoding" value="US-ASCII"/>
    <property name="path.separator" value=":"/>
    <property name="os.version" value="14.1.1"/>
    <property name="java.runtime.name" value="OpenJDK Runtime Environment"/>
    <property name="file.encoding" value="UTF-8"/>
    <property name="java.vm.name" value="OpenJDK 64-Bit Server VM"/>
    <property name="java.vendor.version" value="Corretto-19.0.2.7.1"/>
    <property name="localRepository" value="/Users/shubhamraut/.m2/repository"/>
    <property name="java.vendor.url.bug" value="https://github.com/corretto/corretto-19/issues/"/>
    <property name="java.io.tmpdir" value="/var/folders/yk/__4c_h2s0dj76c0mfb_tc_t80000gn/T/"/>
    <property name="java.version" value="19.0.2"/>
    <property name="user.dir" value="/Users/shubhamraut/Documents/GitHub/cucumberJava"/>
    <property name="os.arch" value="aarch64"/>
    <property name="java.vm.specification.name" value="Java Virtual Machine Specification"/>
    <property name="native.encoding" value="US-ASCII"/>
    <property name="java.library.path" value="/Users/shubhamraut/Library/Java/Extensions:/Library/Java/Extensions:/Network/Library/Java/Extensions:/System/Library/Java/Extensions:/usr/lib/java:."/>
    <property name="java.vm.info" value="mixed mode, sharing"/>
    <property name="stderr.encoding" value="US-ASCII"/>
    <property name="java.vendor" value="Amazon.com Inc."/>
    <property name="java.vm.version" value="19.0.2+7-FR"/>
    <property name="sun.io.unicode.encoding" value="UnicodeBig"/>
    <property name="socksNonProxyHosts" value="local|*.local|169.254/16|*.169.254/16"/>
    <property name="java.class.version" value="63.0"/>
  </properties>
</testsuite>